<?xml version="1.0" encoding="UTF-8"?>
<!-- Generated by org.testng.reporters.JUnitXMLReporter -->
<testsuite ignored="0" hostname="DESKTOP-KMT84M5" failures="0" tests="3" name="Default test" time="53.234" errors="0" timestamp="15 Oct 2022 05:28:43 GMT">
  <testcase classname="TestNgSession.AmazonTest1" name="pageTitleTest" time="2.36"/>
  <testcase classname="TestNgSession.AmazonTest1" name="searchTest" time="0.277"/>
  <testcase classname="TestNgSession.AmazonTest1" name="logoTest" time="0.137"/>
</testsuite> <!-- Default test -->
