<?xml version="1.0" encoding="UTF-8"?>
<!-- Generated by org.testng.reporters.JUnitXMLReporter -->
<testsuite ignored="0" hostname="LAPTOP-1T7NIORR" failures="0" tests="3" name="Amazon test" time="5.842" errors="0" timestamp="16 Dec 2023 19:14:21 GMT">
  <testcase classname="TestCases.AmazonTest" name="logoTest" time="0.036"/>
  <testcase classname="TestCases.AmazonTest" name="pageTitleTest" time="0.009"/>
  <testcase classname="TestCases.AmazonTest" name="searchTest" time="0.08"/>
</testsuite> <!-- Amazon test -->
